#
# There is insufficient memory for the Java Runtime Environment to continue.
# Native memory allocation (malloc) failed to allocate 1048576 bytes for AllocateHeap
# Possible reasons:
#   The system is out of physical RAM or swap space
#   The process is running with CompressedOops enabled, and the Java Heap may be blocking the growth of the native heap
# Possible solutions:
#   Reduce memory load on the system
#   Increase physical memory or swap space
#   Check if swap backing store is full
#   Decrease Java heap size (-Xmx/-Xms)
#   Decrease number of Java threads
#   Decrease Java thread stack sizes (-Xss)
#   Set larger code cache with -XX:ReservedCodeCacheSize=
#   JVM is running with Unscaled Compressed Oops mode in which the Java heap is
#     placed in the first 4GB address space. The Java Heap base address is the
#     maximum limit for the native heap growth. Please use -XX:HeapBaseMinAddress
#     to set the Java Heap base and to place the Java Heap above 4GB virtual address.
# This output file may be truncated or incomplete.
#
#  Out of Memory Error (memory/allocation.inline.hpp:61), pid=65528, tid=0x000000000000fff4
#
# JRE version:  (8.0_241-b07) (build )
# Java VM: Java HotSpot(TM) 64-Bit Server VM (25.241-b07 mixed mode windows-amd64 compressed oops)
# Failed to write core dump. Minidumps are not enabled by default on client versions of Windows
#

---------------  T H R E A D  ---------------

Current thread (0x000000000254e000):  JavaThread "Unknown thread" [_thread_in_vm, id=65524, stack(0x0000000002550000,0x0000000002650000)]

Stack: [0x0000000002550000,0x0000000002650000]
[error occurred during error reporting (printing stack bounds), id 0xc0000005]

Native frames: (J=compiled Java code, j=interpreted, Vv=VM code, C=native code)


---------------  P R O C E S S  ---------------

Java Threads: ( => current thread )

Other Threads:

=>0x000000000254e000 (exited) JavaThread "Unknown thread" [_thread_in_vm, id=65524, stack(0x0000000002550000,0x0000000002650000)]

VM state:not at safepoint (normal execution)

VM Mutex/Monitor currently owned by a thread: None

heap address: 0x00000000a1c00000, size: 1508 MB, Compressed Oops mode: 32-bit
Narrow klass base: 0x0000000000000000, Narrow klass shift: 3
Compressed class space size: 1073741824 Address: 0x0000000100000000

Heap:
 PSYoungGen      total 28672K, used 491K [0x00000000e0980000, 0x00000000e2980000, 0x0000000100000000)
  eden space 24576K, 2% used [0x00000000e0980000,0x00000000e09fae20,0x00000000e2180000)
  from space 4096K, 0% used [0x00000000e2580000,0x00000000e2580000,0x00000000e2980000)
  to   space 4096K, 0% used [0x00000000e2180000,0x00000000e2180000,0x00000000e2580000)
 ParOldGen       total 65536K, used 0K [0x00000000a1c00000, 0x00000000a5c00000, 0x00000000e0980000)
  object space 65536K, 0% used [0x00000000a1c00000,0x00000000a1c00000,0x00000000a5c00000)
 Metaspace       used 776K, capacity 4480K, committed 4480K, reserved 1056768K
  class space    used 76K, capacity 384K, committed 384K, reserved 1048576K

Card table byte_map: [0x0000000011b10000,0x0000000011e10000] byte_map_base: 0x0000000011602000

Marking Bits: (ParMarkBitMap*) 0x00000000626cbe30
 Begin Bits: [0x0000000012410000, 0x0000000013ba0000)
 End Bits:   [0x0000000013ba0000, 0x0000000015330000)

Polling page: 0x0000000002480000

CodeCache: size=245760Kb used=328Kb max_used=328Kb free=245431Kb
 bounds [0x0000000002750000, 0x00000000029c0000, 0x0000000011750000]
 total_blobs=58 nmethods=0 adapters=38
 compilation: enabled

Compilation events (0 events):
No events

GC Heap History (0 events):
No events

Deoptimization events (0 events):
No events

Classes redefined (0 events):
No events

Internal exceptions (0 events):
No events

Events (10 events):
Event: 0.027 loading class java/lang/Short
Event: 0.027 loading class java/lang/Short done
Event: 0.027 loading class java/lang/Integer
Event: 0.027 loading class java/lang/Integer done
Event: 0.027 loading class java/lang/Long
Event: 0.027 loading class java/lang/Long done
Event: 0.028 loading class java/lang/NullPointerException
Event: 0.028 loading class java/lang/NullPointerException done
Event: 0.028 loading class java/lang/ArithmeticException
Event: 0.028 loading class java/lang/ArithmeticException done


Dynamic libraries:
0x00007ff73e750000 - 0x00007ff73e787000 	C:\Program Files\Java\jdk1.8.0_241\bin\java.exe
0x00007ffaaa6b0000 - 0x00007ffaaa8a6000 	C:\WINDOWS\SYSTEM32\ntdll.dll
0x00007ffaaa3d0000 - 0x00007ffaaa48d000 	C:\WINDOWS\System32\KERNEL32.DLL
0x00007ffaa7eb0000 - 0x00007ffaa8178000 	C:\WINDOWS\System32\KERNELBASE.dll
0x00007ffaa8730000 - 0x00007ffaa87da000 	C:\WINDOWS\System32\ADVAPI32.dll
0x00007ffaaa2d0000 - 0x00007ffaaa36e000 	C:\WINDOWS\System32\msvcrt.dll
0x00007ffaa91d0000 - 0x00007ffaa926b000 	C:\WINDOWS\System32\sechost.dll
0x00007ffaaa540000 - 0x00007ffaaa664000 	C:\WINDOWS\System32\RPCRT4.dll
0x00007ffaa9ff0000 - 0x00007ffaaa190000 	C:\WINDOWS\System32\USER32.dll
0x00007ffaa8180000 - 0x00007ffaa81a2000 	C:\WINDOWS\System32\win32u.dll
0x00007ffaa8860000 - 0x00007ffaa888a000 	C:\WINDOWS\System32\GDI32.dll
0x00007ffaa8610000 - 0x00007ffaa8719000 	C:\WINDOWS\System32\gdi32full.dll
0x00007ffaa8470000 - 0x00007ffaa850d000 	C:\WINDOWS\System32\msvcp_win.dll
0x00007ffaa8510000 - 0x00007ffaa8610000 	C:\WINDOWS\System32\ucrtbase.dll
0x00007ffa9ec50000 - 0x00007ffa9eeeb000 	C:\WINDOWS\WinSxS\amd64_microsoft.windows.common-controls_6595b64144ccf1df_6.0.19041.488_none_ca04af081b815d21\COMCTL32.dll
0x00007ffaa91a0000 - 0x00007ffaa91d0000 	C:\WINDOWS\System32\IMM32.DLL
0x0000000061dc0000 - 0x0000000061e92000 	C:\Program Files\Java\jdk1.8.0_241\jre\bin\msvcr100.dll
0x0000000061ea0000 - 0x000000006274c000 	C:\Program Files\Java\jdk1.8.0_241\jre\bin\server\jvm.dll
0x00007ffaa9640000 - 0x00007ffaa9648000 	C:\WINDOWS\System32\PSAPI.DLL
0x00007ffaa1130000 - 0x00007ffaa1157000 	C:\WINDOWS\SYSTEM32\WINMM.dll
0x00007ffa99f10000 - 0x00007ffa99f1a000 	C:\WINDOWS\SYSTEM32\VERSION.dll
0x00007ffaa4820000 - 0x00007ffaa4829000 	C:\WINDOWS\SYSTEM32\WSOCK32.dll
0x00007ffaaa260000 - 0x00007ffaaa2cb000 	C:\WINDOWS\System32\WS2_32.dll
0x00007ffaa2680000 - 0x00007ffaa268f000 	C:\Program Files\Java\jdk1.8.0_241\jre\bin\verify.dll
0x00007ffa89800000 - 0x00007ffa89829000 	C:\Program Files\Java\jdk1.8.0_241\jre\bin\java.dll
0x00007ffa8ae60000 - 0x00007ffa8ae76000 	C:\Program Files\Java\jdk1.8.0_241\jre\bin\zip.dll

VM Arguments:
jvm_args: -Dfile.encoding=UTF-8 
java_command: sgp.ca.presentation.AddMember
java_class_path (initial): C:\Program Files\NetBeans 8.2 RC\ide\modules\ext\mysql-connector-java-5.1.23-bin.jar;C:\Program Files\NetBeans 8.2 RC\java\modules\ext\beansbinding-1.2.1.jar;C:\Program Files\NetBeans 8.2 RC\java\modules\ext\AbsoluteLayout.jar;C:\Users\Esteban\Documents\NetBeansProjects\SGP-CA\build\classes
Launcher Type: SUN_STANDARD

Environment Variables:
PATH=C:\Program Files (x86)\Common Files\Oracle\Java\javapath;C:\Program Files (x86)\NVIDIA Corporation\PhysX\Common;C:\WINDOWS\system32;C:\WINDOWS;C:\WINDOWS\System32\Wbem;C:\WINDOWS\System32\WindowsPowerShell\v1.0\;C:\WINDOWS\System32\OpenSSH\;C:\Strawberry\c\bin;C:\Strawberry\perl\site\bin;C:\Strawberry\perl\bin;"C:\Program Files\Java\jdk1.8.0_241\bin;";C:\Program Files\MySQL\MySQL Shell 8.0\bin\;C:\Program Files\Java\jdk1.8.0_241\bin;C:\Users\Esteban\AppData\Local\Programs\Microsoft VS Code\bin
USERNAME=Esteban
OS=Windows_NT
PROCESSOR_IDENTIFIER=Intel64 Family 6 Model 58 Stepping 9, GenuineIntel



---------------  S Y S T E M  ---------------

OS: Windows 10.0 , 64 bit Build 19041 (10.0.19041.546)

CPU:total 4 (initial active 4) (2 cores per cpu, 2 threads per core) family 6 model 58 stepping 9, cmov, cx8, fxsr, mmx, sse, sse2, sse3, ssse3, sse4.1, sse4.2, popcnt, avx, aes, clmul, erms, ht, tsc, tscinvbit, tscinv

Memory: 4k page, physical 6176048k(683916k free), swap 8224048k(6180k free)

vm_info: Java HotSpot(TM) 64-Bit Server VM (25.241-b07) for windows-amd64 JRE (1.8.0_241-b07), built on Dec 11 2019 10:21:40 by "rejava" with MS VC++ 10.0 (VS2010)

time: Thu May 20 20:30:38 2021
timezone: Hora de verano central (México)
elapsed time: 0 seconds (0d 0h 0m 0s)

